This is pdfTeX, Version 3.1415926-1.40.10 (TeX Live 2009) (format=latex 2009.11.7)  11 JAN 2010 22:55
entering extended mode
 file:line:error style messages enabled.
 %&-line parsing enabled.
**gnw-user-manual.tex
(./gnw-user-manual.tex
LaTeX2e <2009/09/24>
Babel <v3.8l> and hyphenation patterns for english, usenglishmax, dumylang, noh
yphenation, german-x-2009-06-19, ngerman-x-2009-06-19, ancientgreek, ibycus, ar
abic, basque, bulgarian, catalan, pinyin, coptic, croatian, czech, danish, dutc
h, esperanto, estonian, farsi, finnish, french, galician, german, ngerman, mono
greek, greek, hungarian, icelandic, indonesian, interlingua, irish, italian, ku
rmanji, latin, latvian, lithuanian, mongolian, mongolian2a, bokmal, nynorsk, po
lish, portuguese, romanian, russian, sanskrit, serbian, slovak, slovenian, span
ish, swedish, turkish, ukenglish, ukrainian, uppersorbian, welsh, loaded.
(./llncs.cls
Document Class: llncs 2001/08/14 v2.10 
experimental LaTeX document class for Lecture Notes in Computer Science
(/usr/local/texlive/2009/texmf-dist/tex/latex/base/article.cls
Document Class: article 2007/10/19 v1.4h Standard LaTeX document class
(/usr/local/texlive/2009/texmf-dist/tex/latex/base/size10.clo
File: size10.clo 2007/10/19 v1.4h Standard LaTeX file (size option)
)
\c@part=\count79
\c@section=\count80
\c@subsection=\count81
\c@subsubsection=\count82
\c@paragraph=\count83
\c@subparagraph=\count84
\c@figure=\count85
\c@table=\count86
\abovecaptionskip=\skip41
\belowcaptionskip=\skip42
\bibindent=\dimen102
)
(/usr/local/texlive/2009/texmf-dist/tex/latex/tools/multicol.sty
Package: multicol 2008/12/05 v1.6h multicolumn formatting (FMi)
\c@tracingmulticols=\count87
\mult@box=\box26
\multicol@leftmargin=\dimen103
\c@unbalance=\count88
\c@collectmore=\count89
\doublecol@number=\count90
\multicoltolerance=\count91
\multicolpretolerance=\count92
\full@width=\dimen104
\page@free=\dimen105
\premulticols=\dimen106
\postmulticols=\dimen107
\multicolsep=\skip43
\multicolbaselineskip=\skip44
\partial@page=\box27
\last@line=\box28
\mult@rightbox=\box29
\mult@grightbox=\box30
\mult@gfirstbox=\box31
\mult@firstbox=\box32
\@tempa=\box33
\@tempa=\box34
\@tempa=\box35
\@tempa=\box36
\@tempa=\box37
\@tempa=\box38
\@tempa=\box39
\@tempa=\box40
\@tempa=\box41
\@tempa=\box42
\@tempa=\box43
\@tempa=\box44
\@tempa=\box45
\@tempa=\box46
\@tempa=\box47
\@tempa=\box48
\@tempa=\box49
\c@columnbadness=\count93
\c@finalcolumnbadness=\count94
\last@try=\dimen108
\multicolovershoot=\dimen109
\multicolundershoot=\dimen110
\mult@nat@firstbox=\box50
\colbreak@box=\box51
)
\c@chapter=\count95
LaTeX Font Info:    Redeclaring math symbol \Gamma on input line 343.
LaTeX Font Info:    Redeclaring math symbol \Delta on input line 344.
LaTeX Font Info:    Redeclaring math symbol \Theta on input line 345.
LaTeX Font Info:    Redeclaring math symbol \Lambda on input line 346.
LaTeX Font Info:    Redeclaring math symbol \Xi on input line 347.
LaTeX Font Info:    Redeclaring math symbol \Pi on input line 348.
LaTeX Font Info:    Redeclaring math symbol \Sigma on input line 349.
LaTeX Font Info:    Redeclaring math symbol \Upsilon on input line 350.
LaTeX Font Info:    Redeclaring math symbol \Phi on input line 351.
LaTeX Font Info:    Redeclaring math symbol \Psi on input line 352.
LaTeX Font Info:    Redeclaring math symbol \Omega on input line 353.
\tocchpnum=\dimen111
\tocsecnum=\dimen112
\tocsectotal=\dimen113
\tocsubsecnum=\dimen114
\tocsubsectotal=\dimen115
\tocsubsubsecnum=\dimen116
\tocsubsubsectotal=\dimen117
\tocparanum=\dimen118
\tocparatotal=\dimen119
\tocsubparanum=\dimen120
\@tempcntc=\count96
\fnindent=\dimen121
\c@@inst=\count97
\c@@auth=\count98
\c@auco=\count99
\instindent=\dimen122
\authrun=\box52
\authorrunning=\toks14
\tocauthor=\toks15
\titrun=\box53
\titlerunning=\toks16
\toctitle=\toks17
\c@theorem=\count100
\c@case=\count101
\c@conjecture=\count102
\c@corollary=\count103
\c@definition=\count104
\c@example=\count105
\c@exercise=\count106
\c@lemma=\count107
\c@note=\count108
\c@problem=\count109
\c@property=\count110
\c@proposition=\count111
\c@question=\count112
\c@solution=\count113
\c@remark=\count114
\headlineindent=\dimen123
)
(/usr/local/texlive/2009/texmf-dist/tex/latex/amsfonts/amssymb.sty
Package: amssymb 2009/06/22 v3.00

(/usr/local/texlive/2009/texmf-dist/tex/latex/amsfonts/amsfonts.sty
Package: amsfonts 2009/06/22 v3.00 Basic AMSFonts support
\@emptytoks=\toks18
\symAMSa=\mathgroup4
\symAMSb=\mathgroup5
LaTeX Font Info:    Overwriting math alphabet `\mathfrak' in version `bold'
(Font)                  U/euf/m/n --> U/euf/b/n on input line 96.
))
(/usr/local/texlive/2009/texmf-dist/tex/latex/tools/array.sty
Package: array 2008/09/09 v2.4c Tabular extension package (FMi)
\col@sep=\dimen124
\extrarowheight=\dimen125
\NC@list=\toks19
\extratabsurround=\skip45
\backup@length=\skip46
)
(/usr/local/texlive/2009/texmf-dist/tex/latex/graphics/graphicx.sty
Package: graphicx 1999/02/16 v1.0f Enhanced LaTeX Graphics (DPC,SPQR)

(/usr/local/texlive/2009/texmf-dist/tex/latex/graphics/keyval.sty
Package: keyval 1999/03/16 v1.13 key=value parser (DPC)
\KV@toks@=\toks20
)
(/usr/local/texlive/2009/texmf-dist/tex/latex/graphics/graphics.sty
Package: graphics 2009/02/05 v1.0o Standard LaTeX Graphics (DPC,SPQR)

(/usr/local/texlive/2009/texmf-dist/tex/latex/graphics/trig.sty
Package: trig 1999/03/16 v1.09 sin cos tan (DPC)
)
(/usr/local/texlive/2009/texmf-dist/tex/latex/latexconfig/graphics.cfg
File: graphics.cfg 2009/08/28 v1.8 graphics configuration of TeX Live
)
Package graphics Info: Driver file: dvips.def on input line 91.

(/usr/local/texlive/2009/texmf-dist/tex/latex/graphics/dvips.def
File: dvips.def 1999/02/16 v3.0i Driver-dependant file (DPC,SPQR)
))
\Gin@req@height=\dimen126
\Gin@req@width=\dimen127
)
(/usr/local/texlive/2009/texmf-dist/tex/latex/listings/listings.sty
\lst@mode=\count115
\lst@gtempboxa=\box54
\lst@token=\toks21
\lst@length=\count116
\lst@currlwidth=\dimen128
\lst@column=\count117
\lst@pos=\count118
\lst@lostspace=\dimen129
\lst@width=\dimen130
\lst@newlines=\count119
\lst@lineno=\count120
\lst@maxwidth=\dimen131

(/usr/local/texlive/2009/texmf-dist/tex/latex/listings/lstmisc.sty
File: lstmisc.sty 2007/02/22 1.4 (Carsten Heinz)
\c@lstnumber=\count121
\lst@skipnumbers=\count122
\lst@framebox=\box55
)
(/usr/local/texlive/2009/texmf-dist/tex/latex/listings/listings.cfg
File: listings.cfg 2007/02/22 1.4 listings configuration
))
Package: listings 2007/02/22 1.4 (Carsten Heinz)

(/usr/local/texlive/2009/texmf-dist/tex/latex/natbib/natbib.sty
Package: natbib 2009/07/16 8.31 (PWD, AO)
\bibhang=\skip47
\bibsep=\skip48
LaTeX Info: Redefining \cite on input line 694.
\c@NAT@ctr=\count123
)
(./gnw-user-manual.aux)
\openout1 = `gnw-user-manual.aux'.

LaTeX Font Info:    Checking defaults for OML/cmm/m/it on input line 62.
LaTeX Font Info:    ... okay on input line 62.
LaTeX Font Info:    Checking defaults for T1/cmr/m/n on input line 62.
LaTeX Font Info:    ... okay on input line 62.
LaTeX Font Info:    Checking defaults for OT1/cmr/m/n on input line 62.
LaTeX Font Info:    ... okay on input line 62.
LaTeX Font Info:    Checking defaults for OMS/cmsy/m/n on input line 62.
LaTeX Font Info:    ... okay on input line 62.
LaTeX Font Info:    Checking defaults for OMX/cmex/m/n on input line 62.
LaTeX Font Info:    ... okay on input line 62.
LaTeX Font Info:    Checking defaults for U/cmr/m/n on input line 62.
LaTeX Font Info:    ... okay on input line 62.
\c@lstlisting=\count124
File: figures/user-guide-title.eps Graphic file (type eps)
 <figures/user-guide-title.eps> [1

]
(./gnw-user-manual.toc
LaTeX Font Info:    Try loading font information for U+msa on input line 1.

(/usr/local/texlive/2009/texmf-dist/tex/latex/amsfonts/umsa.fd
File: umsa.fd 2009/06/22 v3.00 AMS symbols A
)
LaTeX Font Info:    Try loading font information for U+msb on input line 1.

(/usr/local/texlive/2009/texmf-dist/tex/latex/amsfonts/umsb.fd
File: umsb.fd 2009/06/22 v3.00 AMS symbols B
))
\tf@toc=\write3
\openout3 = `gnw-user-manual.toc'.

 [2

]
Underfull \hbox (badness 10000) in paragraph at lines 121--122

 []

[3]
Underfull \hbox (badness 10000) in paragraph at lines 146--147

 []

File: figures/certificate.eps Graphic file (type eps)
<figures/certificate.eps>
Underfull \hbox (badness 10000) in paragraph at lines 155--156

 []

[4]
Underfull \hbox (badness 10000) in paragraph at lines 175--176

 []

File: figures/network-manager.eps Graphic file (type eps)
<figures/network-manager.eps> [5]
Underfull \hbox (badness 10000) in paragraph at lines 191--193

 []


Underfull \hbox (badness 10000) in paragraph at lines 193--195

 []


Underfull \hbox (badness 10000) in paragraph at lines 207--208

 []


Underfull \hbox (badness 10000) in paragraph at lines 209--210

 []

File: figures/open-dialog.eps Graphic file (type eps)
<figures/open-dialog.eps>
Underfull \hbox (badness 10000) in paragraph at lines 221--222

 []

[6]
Underfull \hbox (badness 10000) in paragraph at lines 223--224

 []


Underfull \hbox (badness 10000) in paragraph at lines 232--233

 []


Overfull \hbox (0.32167pt too wide) in paragraph at lines 234--235
\OT1/cmr/m/n/10 graphs with-out any in-for-ma-tion on the reg-u-la-tory ef-fect
 (en-hanc-ing or in-hibitory)
 []

[7]
Underfull \hbox (badness 10000) in paragraph at lines 246--247

 []

[8] [9]
Underfull \hbox (badness 10000) in paragraph at lines 294--295

 []


Underfull \hbox (badness 10000) in paragraph at lines 303--304

 []


Underfull \hbox (badness 10000) in paragraph at lines 305--306

 []


Underfull \hbox (badness 10000) in paragraph at lines 307--308

 []


Underfull \hbox (badness 10000) in paragraph at lines 309--310

 []

File: figures/visualization.eps Graphic file (type eps)
<figures/visualization.eps>
Underfull \hbox (badness 10000) in paragraph at lines 317--318

 []


Underfull \hbox (badness 10000) in paragraph at lines 321--322

 []

[10]
Underfull \hbox (badness 10000) in paragraph at lines 327--328

 []


Underfull \hbox (badness 10000) in paragraph at lines 330--331

 []


Underfull \hbox (badness 10000) in paragraph at lines 332--333

 []


Overfull \hbox (0.8769pt too wide) in paragraph at lines 334--335
\OT1/cmr/m/n/10 If checked, the in-ter-ac-tions are rep-re-sented by curved edg
es in-stead of straight
 []


Underfull \hbox (badness 10000) in paragraph at lines 334--335

 []

[11]
Underfull \hbox (badness 10000) in paragraph at lines 338--339

 []


Underfull \hbox (badness 10000) in paragraph at lines 339--340

 []


Underfull \hbox (badness 10000) in paragraph at lines 350--351

 []


Underfull \hbox (badness 10000) in paragraph at lines 356--357

 []


Underfull \hbox (badness 10000) in paragraph at lines 358--359

 []


Underfull \hbox (badness 10000) in paragraph at lines 362--364

 []


Underfull \hbox (badness 10000) in paragraph at lines 364--366

 []

[12]
Underfull \hbox (badness 10000) in paragraph at lines 371--373

 []


Underfull \hbox (badness 10000) in paragraph at lines 379--380

 []


Underfull \hbox (badness 10000) in paragraph at lines 389--390

 []


Overfull \hbox (3.2481pt too wide) in paragraph at lines 391--392
[]\OT1/cmr/m/n/10 Click \OT1/cmr/m/it/10 Ran-dom ini-tial-iza-tion of dy-nam-ic
s\OT1/cmr/m/n/10 . In the di-a-log, leave the check-box checked
 []


Overfull \hbox (2.40486pt too wide) in paragraph at lines 391--392
\OT1/cmr/m/n/10 if you want to re-move au-toreg-u-la-tory in-ter-ac-tions (self
-loops). Oth-er-wise, uncheck
 []


Underfull \hbox (badness 10000) in paragraph at lines 391--392

 []


Underfull \hbox (badness 10000) in paragraph at lines 393--394

 []

[13]
Underfull \hbox (badness 10000) in paragraph at lines 395--396

 []


Underfull \hbox (badness 10000) in paragraph at lines 397--398

 []


Underfull \hbox (badness 10000) in paragraph at lines 413--414

 []


Overfull \hbox (5.51222pt too wide) in paragraph at lines 415--416
[]\OT1/cmr/bx/n/10 Steady-state for wild-type and het-erozy-gous knock-down str
ains\OT1/cmr/m/n/10 .
 []


Underfull \hbox (badness 10000) in paragraph at lines 415--416

 []

[14]
Underfull \hbox (badness 10000) in paragraph at lines 417--418

 []


Underfull \hbox (badness 10000) in paragraph at lines 419--420

 []


Underfull \hbox (badness 10000) in paragraph at lines 427--428

 []


Underfull \hbox (badness 10000) in paragraph at lines 429--430

 []

[15]
Underfull \hbox (badness 10000) in paragraph at lines 431--432

 []


Underfull \hbox (badness 10000) in paragraph at lines 437--438

 []


Underfull \hbox (badness 10000) in paragraph at lines 443--444

 []


Underfull \hbox (badness 10000) in paragraph at lines 448--449

 []

[16]
Overfull \hbox (16.90733pt too wide) in paragraph at lines 460--461
\OT1/cmr/m/n/10 data are saved to the files  $\OML/cmm/m/it/10 <$\OT1/cmr/m/it/
10 name$\OML/cmm/m/it/10 >$\OT1/cmr/m/it/10 -null-mutants.tsv \OT1/cmr/m/n/10 a
nd  $\OML/cmm/m/it/10 <$\OT1/cmr/m/it/10 name$\OML/cmm/m/it/10 >$\OT1/cmr/m/it/
10 -heterozygous.tsv\OT1/cmr/m/n/10 ,
 []


Underfull \hbox (badness 10000) in paragraph at lines 463--464

 []

[17]
Underfull \hbox (badness 10000) in paragraph at lines 476--477

 []

File: figures/InSilicoSize10-Ecoli1-nonoise-ss.eps Graphic file (type eps)
<figures/InSilicoSize10-Ecoli1-nonoise-ss.eps>

LaTeX Warning: Float too large for page by 73.53499pt on input line 486.

File: figures/InSilicoSize50-Yeast3-nonoise-ts.eps Graphic file (type eps)
<figures/InSilicoSize50-Yeast3-nonoise-ts.eps>
Underfull \hbox (badness 10000) in paragraph at lines 499--500

 []


Underfull \hbox (badness 10000) in paragraph at lines 501--502

 []


Underfull \hbox (badness 10000) in paragraph at lines 505--507

 []

[18]
Underfull \hbox (badness 10000) in paragraph at lines 517--518

 []


Underfull \hbox (badness 10000) in paragraph at lines 519--520

 []


Underfull \hbox (badness 10000) in paragraph at lines 529--530

 []

[19]
Underfull \hbox (badness 10000) in paragraph at lines 539--539
 [][]\OT1/cmr/m/n/9 http://wiki.c2b2.columbia.edu/dream/index.php/The[]DREAM3[]
In-Silico-
 []


Underfull \hbox (badness 10000) in paragraph at lines 539--540

 []

File: figures/PR-ROC.eps Graphic file (type eps)
<figures/PR-ROC.eps> [20] [21] [22] [23]
Underfull \hbox (badness 10000) in paragraph at lines 560--561

 []


Underfull \hbox (badness 10000) in paragraph at lines 563--564

 []


Underfull \hbox (badness 10000) in paragraph at lines 566--567

 []

[24

] (./gnw-user-manual.aux)

LaTeX Warning: Label(s) may have changed. Rerun to get cross-references right.

 ) 
Here is how much of TeX's memory you used:
 2811 strings out of 493849
 36669 string characters out of 3149230
 98234 words of memory out of 3000000
 6082 multiletter control sequences out of 15000+200000
 11425 words of font info for 44 fonts, out of 3000000 for 9000
 714 hyphenation exceptions out of 8191
 29i,9n,32p,1275b,284s stack positions out of 5000i,500n,10000p,200000b,50000s

Output written on gnw-user-manual.dvi (24 pages, 68888 bytes).
